{
    "/home/duyhiep/Desktop/react-dev/src/utils/times.ts": {
        "path": "/home/duyhiep/Desktop/react-dev/src/utils/times.ts",
        "statementMap": {
            "0": {
                "start": { "line": 1, "column": 0 },
                "end": { "line": 1, "column": 34 }
            },
            "1": {
                "start": { "line": 2, "column": 26 },
                "end": { "line": 4, "column": 1 }
            },
            "2": {
                "start": { "line": 3, "column": 2 },
                "end": { "line": 3, "column": 51 }
            },
            "3": {
                "start": { "line": 2, "column": 13 },
                "end": { "line": 2, "column": 26 }
            }
        },
        "fnMap": {
            "0": {
                "name": "(anonymous_0)",
                "decl": {
                    "start": { "line": 2, "column": 26 },
                    "end": { "line": 2, "column": 27 }
                },
                "loc": {
                    "start": { "line": 2, "column": 48 },
                    "end": { "line": 4, "column": 1 }
                }
            }
        },
        "branchMap": {},
        "s": { "0": 1, "1": 1, "2": 1, "3": 1 },
        "f": { "0": 1 },
        "b": {}
    }
}
